<?xml version="1.0" encoding="UTF-8"?>
<Site BuildName="Linux-c++"
	BuildStamp="20231123-0805-Experimental"
	Name="longbow"
	Generator="ctest-3.27.8"
	CompilerName="/usr/bin/c++"
	CompilerVersion="13.2.1"
	OSName="Linux"
	Hostname="longbow"
	OSRelease="6.6.2-zen1-1-zen"
	OSVersion="#1 ZEN SMP PREEMPT_DYNAMIC Mon, 20 Nov 2023 23:17:26 +0000"
	OSPlatform="x86_64"
	Is64Bits="1"
	VendorString="AuthenticAMD"
	VendorID="Advanced Micro Devices"
	FamilyID="23"
	ModelID="8"
	ProcessorCacheSize="512"
	NumberOfLogicalCPU="16"
	NumberOfPhysicalCPU="8"
	TotalVirtualMemory="0"
	TotalPhysicalMemory="31989"
	LogicalProcessorsPerPhysical="2"
	ProcessorClockFrequency="4040.25"
	>
	<Testing>
		<StartDateTime>Nov 23 18:05 AEST</StartDateTime>
		<StartTestTime>1700726750</StartTestTime>
		<TestList/>
		<EndDateTime>Nov 23 18:05 AEST</EndDateTime>
		<EndTestTime>1700726750</EndTestTime>
		<ElapsedMinutes>0</ElapsedMinutes>
	</Testing>
</Site>
