<?xml version="1.0" encoding="UTF-8"?>
<Site BuildName="Linux-c++"
	BuildStamp="20231116-0745-Experimental"
	Name="longbow"
	Generator="ctest-3.27.8"
	CompilerName="/usr/bin/c++"
	CompilerVersion="13.2.1"
	OSName="Linux"
	Hostname="longbow"
	OSRelease="6.6.1-zen1-1-zen"
	OSVersion="#1 ZEN SMP PREEMPT_DYNAMIC Wed, 08 Nov 2023 16:05:16 +0000"
	OSPlatform="x86_64"
	Is64Bits="1"
	VendorString="AuthenticAMD"
	VendorID="Advanced Micro Devices"
	FamilyID="23"
	ModelID="8"
	ProcessorCacheSize="512"
	NumberOfLogicalCPU="16"
	NumberOfPhysicalCPU="8"
	TotalVirtualMemory="0"
	TotalPhysicalMemory="31989"
	LogicalProcessorsPerPhysical="2"
	ProcessorClockFrequency="4092.11"
	>
	<Testing>
		<StartDateTime>Nov 17 00:31 AEST</StartDateTime>
		<StartTestTime>1700145088</StartTestTime>
		<TestList/>
		<EndDateTime>Nov 17 00:31 AEST</EndDateTime>
		<EndTestTime>1700145088</EndTestTime>
		<ElapsedMinutes>0</ElapsedMinutes>
	</Testing>
</Site>
